==> Loading modules
Categorizing NoiseTrials-3-Run1.xlsx-11.png
Categorizing NoiseTrials-3-Run1.xlsx-1.png
Categorizing NoiseTrials-4-Run1.xlsx-14.png
Categorizing NoiseTrials-4-Run1.xlsx-11.png
Categorizing NoiseTrials-2-Run1.xlsx-10.png
Categorizing NoiseTrials-2-Run2.xlsx-9.png
Categorizing NoiseTrials-4-Run3.xlsx-17.png
Categorizing NoiseTrials-5-Run1.xlsx-6.png
Categorizing NoiseTrials-2-Run1.xlsx-7.png
Categorizing NoiseTrials-3-Run3.xlsx-0.png
Categorizing NoiseTrials-2-Run3.xlsx-10.png
Categorizing NoiseTrials-4-Run1.xlsx-16.png
Categorizing NoiseTrials-4-Run2.xlsx-10.png
Categorizing NoiseTrials-2-Run2.xlsx-15.png
Categorizing NoiseTrials-2-Run1.xlsx-3.png
Categorizing NoiseTrials-2-Run2.xlsx-5.png
Categorizing NoiseTrials-2-Run3.xlsx-6.png
Categorizing NoiseTrials-4-Run1.xlsx-18.png
Categorizing NoiseTrials-1-Run2.xlsx-16.png
Categorizing NoiseTrials-1-Run3.xlsx-5.png
Categorizing NoiseTrials-3-Run3.xlsx-5.png
Categorizing NoiseTrials-3-Run3.xlsx-18.png
Categorizing NoiseTrials-1-Run1.xlsx-18.png
Categorizing NoiseTrials-1-Run3.xlsx-13.png
Categorizing NoiseTrials-4-Run1.xlsx-10.png
Categorizing NoiseTrials-1-Run2.xlsx-2.png
Categorizing NoiseTrials-2-Run1.xlsx-9.png
Categorizing NoiseTrials-3-Run3.xlsx-15.png
Categorizing NoiseTrials-1-Run2.xlsx-12.png
Categorizing NoiseTrials-5-Run1.xlsx-2.png
Categorizing NoiseTrials-3-Run1.xlsx-3.png
Categorizing NoiseTrials-4-Run2.xlsx-17.png
Categorizing NoiseTrials-2-Run2.xlsx-19.png
Categorizing NoiseTrials-2-Run3.xlsx-1.png
Categorizing NoiseTrials-2-Run1.xlsx-5.png
Categorizing NoiseTrials-2-Run3.xlsx-7.png
Categorizing NoiseTrials-1-Run3.xlsx-9.png
Categorizing NoiseTrials-4-Run3.xlsx-12.png
Categorizing NoiseTrials-2-Run1.xlsx-14.png
Categorizing NoiseTrials-4-Run2.xlsx-7.png
Categorizing SineTrials-6-100Hz-100Hz.xlsx-11.png
Categorizing SineTrials-7-100Hz-100Hz.xlsx-12.png
Categorizing SineTrials-6-100Hz-100Hz.xlsx-13.png
Categorizing SineTrials-6-100Hz-100Hz.xlsx-7.png
Categorizing SineTrials-6-100Hz-100Hz.xlsx-2.png
Categorizing SineTrials-5-100Hz-100Hz.xlsx-9.png
Categorizing SineTrials-5-100Hz-100Hz.xlsx-17.png
Categorizing SineTrials-5-100Hz-100Hz.xlsx-19.png
Categorizing SineTrials-7-100Hz-100Hz.xlsx-11.png
Categorizing SineTrials-5-100Hz-100Hz.xlsx-18.png
Categorizing SineTrials-6-100Hz-100Hz.xlsx-15.png
Categorizing SineTrials-7-100Hz-100Hz.xlsx-15.png
Categorizing SineTrials-7-100Hz-100Hz.xlsx-7.png
Categorizing SineTrials-6-100Hz-100Hz.xlsx-9.png
Categorizing SineTrials-6-100Hz-100Hz.xlsx-16.png
Categorizing SineTrials-6-100Hz-100Hz.xlsx-12.png
Categorizing SineTrials-6-100Hz-100Hz.xlsx-14.png
Categorizing SineTrials-7-100Hz-100Hz.xlsx-0.png
Categorizing SineTrials-5-100Hz-100Hz.xlsx-8.png
Categorizing SineTrials-7-100Hz-100Hz.xlsx-4.png
Categorizing SineTrials-5-100Hz-100Hz.xlsx-16.png
Categorizing SineTrials-6-100Hz-100Hz.xlsx-5.png
Categorizing SineTrials-5-100Hz-100Hz.xlsx-11.png
Categorizing SineTrials-5-100Hz-100Hz.xlsx-14.png
Categorizing SineTrials-7-100Hz-100Hz.xlsx-6.png
Categorizing SineTrials-7-100Hz-100Hz.xlsx-3.png
Categorizing SineTrials-5-100Hz-100Hz.xlsx-15.png
Categorizing SineTrials-7-100Hz-100Hz.xlsx-8.png
Categorizing SineTrials-6-100Hz-100Hz.xlsx-1.png
Categorizing SineTrials-5-100Hz-100Hz.xlsx-13.png
Categorizing SineTrials-7-100Hz-100Hz.xlsx-13.png
Categorizing SineTrials-6-100Hz-100Hz.xlsx-6.png
Categorizing SineTrials-7-100Hz-100Hz.xlsx-17.png
Categorizing SineTrials-7-100Hz-100Hz.xlsx-9.png
Categorizing SineTrials-7-100Hz-100Hz.xlsx-18.png
Categorizing SineTrials-7-100Hz-100Hz.xlsx-1.png
Categorizing SineTrials-6-100Hz-100Hz.xlsx-3.png
Categorizing SineTrials-7-100Hz-100Hz.xlsx-2.png
Categorizing SineTrials-6-100Hz-100Hz.xlsx-10.png
Categorizing SineTrials-7-100Hz-100Hz.xlsx-5.png
Categorizing SineTrials-7-100Hz-100Hz.xlsx-19.png
Categorizing SineTrials-6-100Hz-100Hz.xlsx-17.png
Categorizing SineTrials-5-100Hz-100Hz.xlsx-10.png
Categorizing SineTrials-6-100Hz-100Hz.xlsx-19.png
Categorizing SineTrials-6-100Hz-100Hz.xlsx-8.png
Categorizing SineTrials-5-100Hz-100Hz.xlsx-12.png
Categorizing SineTrials-6-100Hz-100Hz.xlsx-18.png
Categorizing SineTrials-8-100Hz-100Hz.xlsx-0.png
Categorizing SineTrials-7-100Hz-100Hz.xlsx-16.png
Categorizing SineTrials-6-100Hz-100Hz.xlsx-4.png
Categorizing SineTrials-1-200Hz-200Hz.xlsx-12.png
Categorizing SineTrials-1-200Hz-200Hz.xlsx-15.png
Categorizing SineTrials-1-200Hz-200Hz.xlsx-16.png
Categorizing SineTrials-1-200Hz-200Hz.xlsx-17.png
Categorizing SineTrials-1-200Hz-200Hz.xlsx-2.png
Categorizing SineTrials-1-200Hz-200Hz.xlsx-3.png
Categorizing SineTrials-1-200Hz-200Hz.xlsx-8.png
Categorizing SineTrials-10-200Hz-200Hz.xlsx-1.png
Categorizing SineTrials-10-200Hz-200Hz.xlsx-10.png
Categorizing SineTrials-10-200Hz-200Hz.xlsx-13.png
Categorizing SineTrials-10-200Hz-200Hz.xlsx-15.png
Categorizing SineTrials-10-200Hz-200Hz.xlsx-16.png
Categorizing SineTrials-10-200Hz-200Hz.xlsx-19.png
Categorizing SineTrials-10-200Hz-200Hz.xlsx-2.png
Categorizing SineTrials-11-200Hz-200Hz.xlsx-15.png
Categorizing SineTrials-11-200Hz-200Hz.xlsx-16.png
Categorizing SineTrials-11-200Hz-200Hz.xlsx-19.png
Categorizing SineTrials-11-200Hz-200Hz.xlsx-2.png
Categorizing SineTrials-11-200Hz-200Hz.xlsx-3.png
Categorizing SineTrials-11-200Hz-200Hz.xlsx-4.png
Categorizing SineTrials-11-200Hz-200Hz.xlsx-6.png
Categorizing SineTrials-11-200Hz-200Hz.xlsx-7.png
Categorizing SineTrials-12-200Hz-200Hz.xlsx-0.png
Categorizing SineTrials-12-200Hz-200Hz.xlsx-11.png
Categorizing SineTrials-12-200Hz-200Hz.xlsx-15.png
Categorizing SineTrials-12-200Hz-200Hz.xlsx-19.png
Categorizing SineTrials-12-200Hz-200Hz.xlsx-3.png
Categorizing SineTrials-12-200Hz-200Hz.xlsx-7.png
Categorizing SineTrials-13-200Hz-200Hz.xlsx-0.png
Categorizing SineTrials-13-200Hz-200Hz.xlsx-11.png
Categorizing SineTrials-13-200Hz-200Hz.xlsx-13.png
Categorizing SineTrials-13-200Hz-200Hz.xlsx-16.png
Categorizing SineTrials-13-200Hz-200Hz.xlsx-2.png
Categorizing SineTrials-13-200Hz-200Hz.xlsx-4.png
Categorizing SineTrials-13-200Hz-200Hz.xlsx-5.png
Categorizing SineTrials-13-200Hz-200Hz.xlsx-9.png
Categorizing SineTrials-14-200Hz-200Hz.xlsx-1.png
Categorizing SineTrials-14-200Hz-200Hz.xlsx-10.png
Categorizing SineTrials-14-200Hz-200Hz.xlsx-15.png
Categorizing SineTrials-14-200Hz-200Hz.xlsx-19.png
Categorizing SineTrials-14-200Hz-200Hz.xlsx-2.png
Categorizing SineTrials-14-200Hz-200Hz.xlsx-8.png
Categorizing SineTrials-2-200Hz-200Hz.xlsx-11.png
Categorizing SineTrials-2-200Hz-200Hz.xlsx-16.png
Categorizing SineTrials-2-200Hz-200Hz.xlsx-19.png
Categorizing SineTrials-2-200Hz-200Hz.xlsx-2.png
Categorizing SineTrials-2-200Hz-200Hz.xlsx-5.png
Categorizing SineTrials-2-200Hz-200Hz.xlsx-9.png
Categorizing SineTrials-3-200Hz-200Hz.xlsx-13.png
Categorizing SineTrials-3-200Hz-200Hz.xlsx-14.png
Categorizing SineTrials-3-200Hz-200Hz.xlsx-15.png
Categorizing SineTrials-3-200Hz-200Hz.xlsx-17.png
Categorizing SineTrials-3-200Hz-200Hz.xlsx-6.png
Categorizing SineTrials-3-200Hz-200Hz.xlsx-7.png
Categorizing SineTrials-3-200Hz-200Hz.xlsx-8.png
Categorizing SineTrials-4-200Hz-200Hz.xlsx-10.png
Categorizing SineTrials-4-200Hz-200Hz.xlsx-13.png
Categorizing SineTrials-4-200Hz-200Hz.xlsx-17.png
Categorizing SineTrials-4-200Hz-200Hz.xlsx-3.png
Categorizing SineTrials-4-200Hz-200Hz.xlsx-9.png
Categorizing SineTrials-5-200Hz-200Hz.xlsx-15.png
Categorizing SineTrials-5-200Hz-200Hz.xlsx-19.png
Categorizing SineTrials-5-200Hz-200Hz.xlsx-2.png
Categorizing SineTrials-5-200Hz-200Hz.xlsx-3.png
Categorizing SineTrials-5-200Hz-200Hz.xlsx-4.png
Categorizing SineTrials-5-200Hz-200Hz.xlsx-7.png
Categorizing SineTrials-6-200Hz-200H.xlsx-11.png
Categorizing SineTrials-6-200Hz-200H.xlsx-13.png
Categorizing SineTrials-6-200Hz-200H.xlsx-19.png
Categorizing SineTrials-6-200Hz-200H.xlsx-6.png
Categorizing SineTrials-6-200Hz-200H.xlsx-8.png
Categorizing SineTrials-6-200Hz-200H.xlsx-9.png
Categorizing SineTrials-7-200Hz-200Hz.xlsx-1.png
Categorizing SineTrials-7-200Hz-200Hz.xlsx-12.png
Categorizing SineTrials-7-200Hz-200Hz.xlsx-15.png
Categorizing SineTrials-7-200Hz-200Hz.xlsx-17.png
Categorizing SineTrials-7-200Hz-200Hz.xlsx-19.png
Categorizing SineTrials-7-200Hz-200Hz.xlsx-2.png
Categorizing SineTrials-7-200Hz-200Hz.xlsx-8.png
Categorizing SineTrials-8-200Hz-200Hz.xlsx-1.png
Categorizing SineTrials-8-200Hz-200Hz.xlsx-13.png
Categorizing SineTrials-8-200Hz-200Hz.xlsx-14.png
Categorizing SineTrials-8-200Hz-200Hz.xlsx-17.png
Categorizing SineTrials-8-200Hz-200Hz.xlsx-5.png
Categorizing SineTrials-9-200Hz-200Hz.xlsx-0.png
Categorizing SineTrials-9-200Hz-200Hz.xlsx-1.png
Categorizing SineTrials-9-200Hz-200Hz.xlsx-10.png
Categorizing SineTrials-9-200Hz-200Hz.xlsx-14.png
Categorizing SineTrials-9-200Hz-200Hz.xlsx-18.png
Categorizing SineTrials-9-200Hz-200Hz.xlsx-19.png
Categorizing SineTrials-9-200Hz-200Hz.xlsx-5.png
Categorizing SineTrials-9-200Hz-200Hz.xlsx-7.png
Categorizing SineTrials-9-200Hz-200Hz.xlsx-9.png
Categorizing SineTrials-1-300Hz-300Hz.xlsx-0.png
Categorizing SineTrials-1-300Hz-300Hz.xlsx-1.png
Categorizing SineTrials-1-300Hz-300Hz.xlsx-10.png
Categorizing SineTrials-1-300Hz-300Hz.xlsx-12.png
Categorizing SineTrials-1-300Hz-300Hz.xlsx-15.png
Categorizing SineTrials-1-300Hz-300Hz.xlsx-17.png
Categorizing SineTrials-1-300Hz-300Hz.xlsx-3.png
Categorizing SineTrials-1-300Hz-300Hz.xlsx-5.png
Categorizing SineTrials-1-300Hz-300Hz.xlsx-7.png
Categorizing SineTrials-1-300Hz-300Hz.xlsx-9.png
Categorizing SineTrials-10-300Hz-300Hz.xlsx-12.png
Categorizing SineTrials-10-300Hz-300Hz.xlsx-14.png
Categorizing SineTrials-10-300Hz-300Hz.xlsx-15.png
Categorizing SineTrials-10-300Hz-300Hz.xlsx-16.png
Categorizing SineTrials-10-300Hz-300Hz.xlsx-9.png
Categorizing SineTrials-11-300Hz-300Hz.xlsx-10.png
Categorizing SineTrials-11-300Hz-300Hz.xlsx-12.png
Categorizing SineTrials-11-300Hz-300Hz.xlsx-19.png
Categorizing SineTrials-11-300Hz-300Hz.xlsx-4.png
Categorizing SineTrials-11-300Hz-300Hz.xlsx-9.png
Categorizing SineTrials-12-300Hz-300Hz.xlsx-13.png
Categorizing SineTrials-12-300Hz-300Hz.xlsx-14.png
Categorizing SineTrials-12-300Hz-300Hz.xlsx-15.png
Categorizing SineTrials-12-300Hz-300Hz.xlsx-17.png
Categorizing SineTrials-12-300Hz-300Hz.xlsx-2.png
Categorizing SineTrials-12-300Hz-300Hz.xlsx-3.png
Categorizing SineTrials-12-300Hz-300Hz.xlsx-4.png
Categorizing SineTrials-12-300Hz-300Hz.xlsx-6.png
Categorizing SineTrials-13-300Hz-300Hz.xlsx-10.png
Categorizing SineTrials-13-300Hz-300Hz.xlsx-12.png
Categorizing SineTrials-13-300Hz-300Hz.xlsx-13.png
Categorizing SineTrials-13-300Hz-300Hz.xlsx-15.png
Categorizing SineTrials-13-300Hz-300Hz.xlsx-18.png
Categorizing SineTrials-13-300Hz-300Hz.xlsx-19.png
Categorizing SineTrials-13-300Hz-300Hz.xlsx-2.png
Categorizing SineTrials-13-300Hz-300Hz.xlsx-3.png
Categorizing SineTrials-13-300Hz-300Hz.xlsx-4.png
Categorizing SineTrials-13-300Hz-300Hz.xlsx-7.png
Categorizing SineTrials-13-300Hz-300Hz.xlsx-8.png
Categorizing SineTrials-14-300Hz-300Hz.xlsx-0.png
Categorizing SineTrials-14-300Hz-300Hz.xlsx-15.png
Categorizing SineTrials-14-300Hz-300Hz.xlsx-18.png
Categorizing SineTrials-14-300Hz-300Hz.xlsx-2.png
Categorizing SineTrials-14-300Hz-300Hz.xlsx-8.png
Categorizing SineTrials-14-300Hz-300Hz.xlsx-9.png
Categorizing SineTrials-2-300Hz-300Hz.xlsx-0.png
Categorizing SineTrials-2-300Hz-300Hz.xlsx-13.png
Categorizing SineTrials-2-300Hz-300Hz.xlsx-14.png
Categorizing SineTrials-2-300Hz-300Hz.xlsx-16.png
Categorizing SineTrials-2-300Hz-300Hz.xlsx-19.png
Categorizing SineTrials-2-300Hz-300Hz.xlsx-5.png
Categorizing SineTrials-2-300Hz-300Hz.xlsx-6.png
Categorizing SineTrials-3-300Hz-300Hz.xlsx-0.png
Categorizing SineTrials-3-300Hz-300Hz.xlsx-1.png
Categorizing SineTrials-3-300Hz-300Hz.xlsx-10.png
Categorizing SineTrials-3-300Hz-300Hz.xlsx-11.png
Categorizing SineTrials-3-300Hz-300Hz.xlsx-12.png
Categorizing SineTrials-3-300Hz-300Hz.xlsx-18.png
Categorizing SineTrials-3-300Hz-300Hz.xlsx-2.png
Categorizing SineTrials-3-300Hz-300Hz.xlsx-3.png
Categorizing SineTrials-3-300Hz-300Hz.xlsx-5.png
Categorizing SineTrials-3-300Hz-300Hz.xlsx-8.png
Categorizing SineTrials-4-300Hz-300Hz.xlsx-11.png
Categorizing SineTrials-4-300Hz-300Hz.xlsx-13.png
Categorizing SineTrials-4-300Hz-300Hz.xlsx-14.png
Categorizing SineTrials-4-300Hz-300Hz.xlsx-15.png
Categorizing SineTrials-4-300Hz-300Hz.xlsx-3.png
Categorizing SineTrials-5-300Hz-300Hz.xlsx-0.png
Categorizing SineTrials-5-300Hz-300Hz.xlsx-12.png
Categorizing SineTrials-5-300Hz-300Hz.xlsx-13.png
Categorizing SineTrials-5-300Hz-300Hz.xlsx-2.png
Categorizing SineTrials-5-300Hz-300Hz.xlsx-3.png
Categorizing SineTrials-5-300Hz-300Hz.xlsx-5.png
Categorizing SineTrials-5-300Hz-300Hz.xlsx-7.png
Categorizing SineTrials-5-300Hz-300Hz.xlsx-9.png
Categorizing SineTrials-6-300Hz-300Hz.xlsx-1.png
Categorizing SineTrials-6-300Hz-300Hz.xlsx-10.png
Categorizing SineTrials-6-300Hz-300Hz.xlsx-11.png
Categorizing SineTrials-6-300Hz-300Hz.xlsx-12.png
Categorizing SineTrials-6-300Hz-300Hz.xlsx-15.png
Categorizing SineTrials-6-300Hz-300Hz.xlsx-3.png
Categorizing SineTrials-6-300Hz-300Hz.xlsx-4.png
Categorizing SineTrials-6-300Hz-300Hz.xlsx-5.png
Categorizing SineTrials-6-300Hz-300Hz.xlsx-7.png
Categorizing SineTrials-6-300Hz-300Hz.xlsx-9.png
Categorizing SineTrials-7-300Hz-300Hz.xlsx-1.png
Categorizing SineTrials-7-300Hz-300Hz.xlsx-10.png
Categorizing SineTrials-7-300Hz-300Hz.xlsx-11.png
Categorizing SineTrials-7-300Hz-300Hz.xlsx-14.png
Categorizing SineTrials-7-300Hz-300Hz.xlsx-16.png
Categorizing SineTrials-7-300Hz-300Hz.xlsx-17.png
Categorizing SineTrials-7-300Hz-300Hz.xlsx-18.png
Categorizing SineTrials-7-300Hz-300Hz.xlsx-2.png
Categorizing SineTrials-7-300Hz-300Hz.xlsx-4.png
Categorizing SineTrials-7-300Hz-300Hz.xlsx-8.png
Categorizing SineTrials-7-300Hz-300Hz.xlsx-9.png
Categorizing SineTrials-8-300Hz-300Hz.xlsx-11.png
Categorizing SineTrials-8-300Hz-300Hz.xlsx-15.png
Categorizing SineTrials-8-300Hz-300Hz.xlsx-18.png
Categorizing SineTrials-9-300Hz-300Hz.xlsx-13.png
Categorizing SineTrials-9-300Hz-300Hz.xlsx-5.png
Categorizing SineTrials-9-300Hz-300Hz.xlsx-7.png
Categorizing SineTrials-9-300Hz-300Hz.xlsx-8.png
Categorizing SquareTrials-3-100Hz-100Hz.xlsx-17.png
Categorizing SquareTrials-3-100Hz-100Hz.xlsx-19.png
Categorizing SquareTrials-5-100Hz-100Hz.xlsx-13.png
Categorizing SquareTrials-5-100Hz-100Hz.xlsx-15.png
Categorizing SquareTrials-5-100Hz-100Hz.xlsx-2.png
Categorizing SquareTrials-5-100Hz-100Hz.xlsx-7.png
Categorizing SquareTrials-3-100Hz-100Hz.xlsx-16.png
Categorizing SquareTrials-5-100Hz-100Hz.xlsx-17.png
Categorizing SquareTrials-5-100Hz-100Hz.xlsx-4.png
Categorizing SquareTrials-5-100Hz-100Hz.xlsx-14.png
Categorizing SquareTrials-4-100Hz-100Hz.xlsx-11.png
Categorizing SquareTrials-4-100Hz-100Hz.xlsx-5.png
Categorizing SquareTrials-5-100Hz-100Hz.xlsx-11.png
Categorizing SquareTrials-4-100Hz-100Hz.xlsx-19.png
Categorizing SquareTrials-3-100Hz-100Hz.xlsx-12.png
Categorizing SquareTrials-4-100Hz-100Hz.xlsx-13.png
Categorizing SquareTrials-4-100Hz-100Hz.xlsx-14.png
Categorizing SquareTrials-3-100Hz-100Hz.xlsx-9.png
Categorizing SquareTrials-4-100Hz-100Hz.xlsx-18.png
Categorizing SquareTrials-5-100Hz-100Hz.xlsx-9.png
Categorizing SquareTrials-5-100Hz-100Hz.xlsx-3.png
Categorizing SquareTrials-4-100Hz-100Hz.xlsx-7.png
Categorizing SquareTrials-4-100Hz-100Hz.xlsx-0.png
Categorizing SquareTrials-3-100Hz-100Hz.xlsx-13.png
Categorizing SquareTrials-4-100Hz-100Hz.xlsx-10.png
Categorizing SquareTrials-4-100Hz-100Hz.xlsx-15.png
Categorizing SquareTrials-3-100Hz-100Hz.xlsx-18.png
Categorizing SquareTrials-4-100Hz-100Hz.xlsx-4.png
Categorizing SquareTrials-5-100Hz-100Hz.xlsx-8.png
Categorizing SquareTrials-5-100Hz-100Hz.xlsx-1.png
Categorizing SquareTrials-5-100Hz-100Hz.xlsx-10.png
Categorizing SquareTrials-5-100Hz-100Hz.xlsx-0.png
Categorizing SquareTrials-4-100Hz-100Hz.xlsx-2.png
Categorizing SquareTrials-3-100Hz-100Hz.xlsx-11.png
Categorizing SquareTrials-5-100Hz-100Hz.xlsx-16.png
Categorizing SquareTrials-3-100Hz-100Hz.xlsx-14.png
Categorizing SquareTrials-4-100Hz-100Hz.xlsx-1.png
Categorizing SquareTrials-3-100Hz-100Hz.xlsx-10.png
Categorizing SquareTrials-5-100Hz-100Hz.xlsx-18.png
Categorizing SquareTrials-4-100Hz-100Hz.xlsx-3.png
Categorizing SquareTrials-5-100Hz-100Hz.xlsx-12.png
Categorizing SquareTrials-5-100Hz-100Hz.xlsx-6.png
Categorizing SquareTrials-4-100Hz-100Hz.xlsx-17.png
Categorizing SquareTrials-4-100Hz-100Hz.xlsx-12.png
Categorizing SquareTrials-4-100Hz-100Hz.xlsx-8.png
Categorizing SquareTrials-5-100Hz-100Hz.xlsx-5.png
Categorizing SquareTrials-4-100Hz-100Hz.xlsx-9.png
Categorizing SquareTrials-4-100Hz-100Hz.xlsx-6.png
Categorizing SquareTrials-3-100Hz-100Hz.xlsx-15.png
Categorizing SquareTrials-5-100Hz-100Hz.xlsx-19.png
Categorizing SquareTrials-1-200Hz-200Hz.xlsx-0.png
Categorizing SquareTrials-1-200Hz-200Hz.xlsx-13.png
Categorizing SquareTrials-1-200Hz-200Hz.xlsx-18.png
Categorizing SquareTrials-1-200Hz-200Hz.xlsx-19.png
Categorizing SquareTrials-1-200Hz-200Hz.xlsx-4.png
Categorizing SquareTrials-1-200Hz-200Hz.xlsx-5.png
Categorizing SquareTrials-1-200Hz-200Hz.xlsx-8.png
Categorizing SquareTrials-1-200Hz-200Hz.xlsx-9.png
Categorizing SquareTrials-10-200Hz-200Hz.xlsx-1.png
Categorizing SquareTrials-10-200Hz-200Hz.xlsx-10.png
Categorizing SquareTrials-10-200Hz-200Hz.xlsx-12.png
Categorizing SquareTrials-10-200Hz-200Hz.xlsx-14.png
Categorizing SquareTrials-10-200Hz-200Hz.xlsx-15.png
Categorizing SquareTrials-10-200Hz-200Hz.xlsx-7.png
Categorizing SquareTrials-11-200Hz-200Hz.xlsx-0.png
Categorizing SquareTrials-11-200Hz-200Hz.xlsx-11.png
Categorizing SquareTrials-11-200Hz-200Hz.xlsx-14.png
Categorizing SquareTrials-11-200Hz-200Hz.xlsx-16.png
Categorizing SquareTrials-11-200Hz-200Hz.xlsx-17.png
Categorizing SquareTrials-11-200Hz-200Hz.xlsx-19.png
Categorizing SquareTrials-11-200Hz-200Hz.xlsx-2.png
Categorizing SquareTrials-11-200Hz-200Hz.xlsx-3.png
Categorizing SquareTrials-11-200Hz-200Hz.xlsx-5.png
Categorizing SquareTrials-11-200Hz-200Hz.xlsx-6.png
Categorizing SquareTrials-11-200Hz-200Hz.xlsx-8.png
Categorizing SquareTrials-12-200Hz-200Hz.xlsx-11.png
Categorizing SquareTrials-12-200Hz-200Hz.xlsx-13.png
Categorizing SquareTrials-12-200Hz-200Hz.xlsx-16.png
Categorizing SquareTrials-12-200Hz-200Hz.xlsx-17.png
Categorizing SquareTrials-12-200Hz-200Hz.xlsx-7.png
Categorizing SquareTrials-12-200Hz-200Hz.xlsx-8.png
Categorizing SquareTrials-13-200Hz-200Hz.xlsx-1.png
Categorizing SquareTrials-13-200Hz-200Hz.xlsx-13.png
Categorizing SquareTrials-13-200Hz-200Hz.xlsx-17.png
Categorizing SquareTrials-13-200Hz-200Hz.xlsx-19.png
Categorizing SquareTrials-13-200Hz-200Hz.xlsx-2.png
Categorizing SquareTrials-13-200Hz-200Hz.xlsx-4.png
Categorizing SquareTrials-13-200Hz-200Hz.xlsx-6.png
Categorizing SquareTrials-13-200Hz-200Hz.xlsx-8.png
Categorizing SquareTrials-13-200Hz-200Hz.xlsx-9.png
Categorizing SquareTrials-14-200Hz-200Hz.xlsx-0.png
Categorizing SquareTrials-14-200Hz-200Hz.xlsx-11.png
Categorizing SquareTrials-14-200Hz-200Hz.xlsx-13.png
Categorizing SquareTrials-14-200Hz-200Hz.xlsx-14.png
Categorizing SquareTrials-14-200Hz-200Hz.xlsx-15.png
Categorizing SquareTrials-14-200Hz-200Hz.xlsx-16.png
Categorizing SquareTrials-14-200Hz-200Hz.xlsx-17.png
Categorizing SquareTrials-14-200Hz-200Hz.xlsx-18.png
Categorizing SquareTrials-14-200Hz-200Hz.xlsx-2.png
Categorizing SquareTrials-14-200Hz-200Hz.xlsx-4.png
Categorizing SquareTrials-14-200Hz-200Hz.xlsx-7.png
Categorizing SquareTrials-2-200Hz-200Hz.xlsx-0.png
Categorizing SquareTrials-2-200Hz-200Hz.xlsx-13.png
Categorizing SquareTrials-2-200Hz-200Hz.xlsx-3.png
Categorizing SquareTrials-2-200Hz-200Hz.xlsx-9.png
Categorizing SquareTrials-3-200Hz-200Hz.xlsx-10.png
Categorizing SquareTrials-3-200Hz-200Hz.xlsx-11.png
Categorizing SquareTrials-3-200Hz-200Hz.xlsx-12.png
Categorizing SquareTrials-3-200Hz-200Hz.xlsx-6.png
Categorizing SquareTrials-3-200Hz-200Hz.xlsx-8.png
Categorizing SquareTrials-4-200Hz-200Hz.xlsx-1.png
Categorizing SquareTrials-4-200Hz-200Hz.xlsx-11.png
Categorizing SquareTrials-4-200Hz-200Hz.xlsx-15.png
Categorizing SquareTrials-4-200Hz-200Hz.xlsx-19.png
Categorizing SquareTrials-4-200Hz-200Hz.xlsx-2.png
Categorizing SquareTrials-4-200Hz-200Hz.xlsx-3.png
Categorizing SquareTrials-4-200Hz-200Hz.xlsx-6.png
Categorizing SquareTrials-4-200Hz-200Hz.xlsx-7.png
Categorizing SquareTrials-4-200Hz-200Hz.xlsx-9.png
Categorizing SquareTrials-5-200Hz-200Hz.xlsx-0.png
Categorizing SquareTrials-5-200Hz-200Hz.xlsx-11.png
Categorizing SquareTrials-5-200Hz-200Hz.xlsx-12.png
Categorizing SquareTrials-5-200Hz-200Hz.xlsx-13.png
Categorizing SquareTrials-5-200Hz-200Hz.xlsx-14.png
Categorizing SquareTrials-5-200Hz-200Hz.xlsx-17.png
Categorizing SquareTrials-5-200Hz-200Hz.xlsx-18.png
Categorizing SquareTrials-5-200Hz-200Hz.xlsx-3.png
Categorizing SquareTrials-5-200Hz-200Hz.xlsx-6.png
Categorizing SquareTrials-5-200Hz-200Hz.xlsx-7.png
Categorizing SquareTrials-6-200Hz-200Hz.xlsx-1.png
Categorizing SquareTrials-6-200Hz-200Hz.xlsx-10.png
Categorizing SquareTrials-6-200Hz-200Hz.xlsx-14.png
Categorizing SquareTrials-6-200Hz-200Hz.xlsx-17.png
Categorizing SquareTrials-6-200Hz-200Hz.xlsx-5.png
Categorizing SquareTrials-7-200Hz-200Hz.xlsx-0.png
Categorizing SquareTrials-7-200Hz-200Hz.xlsx-1.png
Categorizing SquareTrials-7-200Hz-200Hz.xlsx-5.png
Categorizing SquareTrials-7-200Hz-200Hz.xlsx-9.png
Categorizing SquareTrials-8-200Hz-200Hz.xlsx-0.png
Categorizing SquareTrials-8-200Hz-200Hz.xlsx-15.png
Categorizing SquareTrials-8-200Hz-200Hz.xlsx-3.png
Categorizing SquareTrials-8-200Hz-200Hz.xlsx-9.png
Categorizing SquareTrials-9-200Hz-200Hz.xlsx-1.png
Categorizing SquareTrials-9-200Hz-200Hz.xlsx-2.png
Categorizing SquareTrials-9-200Hz-200Hz.xlsx-6.png
Categorizing SquareTrials-9-200Hz-200Hz.xlsx-7.png
Categorizing SquareTrials-1-300Hz-300Hz.xlsx-0.png
Categorizing SquareTrials-1-300Hz-300Hz.xlsx-11.png
Categorizing SquareTrials-1-300Hz-300Hz.xlsx-16.png
Categorizing SquareTrials-1-300Hz-300Hz.xlsx-2.png
Categorizing SquareTrials-1-300Hz-300Hz.xlsx-3.png
Categorizing SquareTrials-1-300Hz-300Hz.xlsx-8.png
Categorizing SquareTrials-10-300Hz-300Hz.xlsx-0.png
Categorizing SquareTrials-10-300Hz-300Hz.xlsx-15.png
Categorizing SquareTrials-10-300Hz-300Hz.xlsx-19.png
Categorizing SquareTrials-10-300Hz-300Hz.xlsx-7.png
Categorizing SquareTrials-11-300Hz-300Hz.xlsx-0.png
Categorizing SquareTrials-11-300Hz-300Hz.xlsx-10.png
Categorizing SquareTrials-11-300Hz-300Hz.xlsx-11.png
Categorizing SquareTrials-11-300Hz-300Hz.xlsx-15.png
Categorizing SquareTrials-11-300Hz-300Hz.xlsx-2.png
Categorizing SquareTrials-11-300Hz-300Hz.xlsx-3.png
Categorizing SquareTrials-11-300Hz-300Hz.xlsx-8.png
Categorizing SquareTrials-11-300Hz-300Hz.xlsx-9.png
Categorizing SquareTrials-12-300Hz-300Hz.xlsx-17.png
Categorizing SquareTrials-12-300Hz-300Hz.xlsx-18.png
Categorizing SquareTrials-12-300Hz-300Hz.xlsx-19.png
Categorizing SquareTrials-12-300Hz-300Hz.xlsx-3.png
Categorizing SquareTrials-12-300Hz-300Hz.xlsx-8.png
Categorizing SquareTrials-13-300Hz-300Hz.xlsx-1.png
Categorizing SquareTrials-13-300Hz-300Hz.xlsx-19.png
Categorizing SquareTrials-13-300Hz-300Hz.xlsx-7.png
Categorizing SquareTrials-14-300Hz-300Hz.xlsx-1.png
Categorizing SquareTrials-14-300Hz-300Hz.xlsx-10.png
Categorizing SquareTrials-14-300Hz-300Hz.xlsx-13.png
Categorizing SquareTrials-14-300Hz-300Hz.xlsx-16.png
Categorizing SquareTrials-14-300Hz-300Hz.xlsx-17.png
Categorizing SquareTrials-14-300Hz-300Hz.xlsx-19.png
Categorizing SquareTrials-14-300Hz-300Hz.xlsx-6.png
Categorizing SquareTrials-14-300Hz-300Hz.xlsx-7.png
Categorizing SquareTrials-2-300Hz-300Hz.xlsx-13.png
Categorizing SquareTrials-2-300Hz-300Hz.xlsx-14.png
Categorizing SquareTrials-2-300Hz-300Hz.xlsx-16.png
Categorizing SquareTrials-2-300Hz-300Hz.xlsx-3.png
Categorizing SquareTrials-2-300Hz-300Hz.xlsx-4.png
Categorizing SquareTrials-2-300Hz-300Hz.xlsx-5.png
Categorizing SquareTrials-2-300Hz-300Hz.xlsx-9.png
Categorizing SquareTrials-3-300Hz-300Hz.xlsx-1.png
Categorizing SquareTrials-3-300Hz-300Hz.xlsx-13.png
Categorizing SquareTrials-3-300Hz-300Hz.xlsx-17.png
Categorizing SquareTrials-3-300Hz-300Hz.xlsx-6.png
Categorizing SquareTrials-3-300Hz-300Hz.xlsx-8.png
Categorizing SquareTrials-4-300Hz-300Hz.xlsx-12.png
Categorizing SquareTrials-4-300Hz-300Hz.xlsx-13.png
Categorizing SquareTrials-4-300Hz-300Hz.xlsx-15.png
Categorizing SquareTrials-4-300Hz-300Hz.xlsx-16.png
Categorizing SquareTrials-4-300Hz-300Hz.xlsx-5.png
Categorizing SquareTrials-4-300Hz-300Hz.xlsx-6.png
Categorizing SquareTrials-4-300Hz-300Hz.xlsx-7.png
Categorizing SquareTrials-4-300Hz-300Hz.xlsx-8.png
Categorizing SquareTrials-4-300Hz-300Hz.xlsx-9.png
Categorizing SquareTrials-5-300Hz-300Hz.xlsx-1.png
Categorizing SquareTrials-5-300Hz-300Hz.xlsx-13.png
Categorizing SquareTrials-5-300Hz-300Hz.xlsx-15.png
Categorizing SquareTrials-5-300Hz-300Hz.xlsx-16.png
Categorizing SquareTrials-5-300Hz-300Hz.xlsx-19.png
Categorizing SquareTrials-5-300Hz-300Hz.xlsx-2.png
Categorizing SquareTrials-5-300Hz-300Hz.xlsx-7.png
Categorizing SquareTrials-6-300Hz-300Hz.xlsx-10.png
Categorizing SquareTrials-6-300Hz-300Hz.xlsx-13.png
Categorizing SquareTrials-6-300Hz-300Hz.xlsx-14.png
Categorizing SquareTrials-6-300Hz-300Hz.xlsx-15.png
Categorizing SquareTrials-6-300Hz-300Hz.xlsx-19.png
Categorizing SquareTrials-6-300Hz-300Hz.xlsx-2.png
Categorizing SquareTrials-6-300Hz-300Hz.xlsx-3.png
Categorizing SquareTrials-6-300Hz-300Hz.xlsx-5.png
Categorizing SquareTrials-6-300Hz-300Hz.xlsx-6.png
Categorizing SquareTrials-6-300Hz-300Hz.xlsx-7.png
Categorizing SquareTrials-6-300Hz-300Hz.xlsx-8.png
Categorizing SquareTrials-7-300Hz-300Hz.xlsx-16.png
Categorizing SquareTrials-7-300Hz-300Hz.xlsx-2.png
Categorizing SquareTrials-7-300Hz-300Hz.xlsx-3.png
Categorizing SquareTrials-7-300Hz-300Hz.xlsx-5.png
Categorizing SquareTrials-8-300Hz-300Hz.xlsx-13.png
Categorizing SquareTrials-8-300Hz-300Hz.xlsx-15.png
Categorizing SquareTrials-8-300Hz-300Hz.xlsx-19.png
Categorizing SquareTrials-8-300Hz-300Hz.xlsx-2.png
Categorizing SquareTrials-8-300Hz-300Hz.xlsx-5.png
Categorizing SquareTrials-8-300Hz-300Hz.xlsx-7.png
Categorizing SquareTrials-8-300Hz-300Hz.xlsx-8.png
Categorizing SquareTrials-9-300Hz-300Hz.xlsx-0.png
Categorizing SquareTrials-9-300Hz-300Hz.xlsx-10.png
Categorizing SquareTrials-9-300Hz-300Hz.xlsx-11.png
Categorizing SquareTrials-9-300Hz-300Hz.xlsx-12.png
Categorizing SquareTrials-9-300Hz-300Hz.xlsx-14.png
Categorizing SquareTrials-9-300Hz-300Hz.xlsx-16.png
Categorizing SquareTrials-9-300Hz-300Hz.xlsx-19.png
Categorizing SquareTrials-9-300Hz-300Hz.xlsx-2.png
Categorizing SquareTrials-9-300Hz-300Hz.xlsx-5.png
Categorizing SquareTrials-9-300Hz-300Hz.xlsx-6.png
