{'conversationId': 'NoiseTrials-3-Run1.xlsx-11.png', 'response': "Based on the information provided, the graph is a square wave.\n\nMy reasoning is as follows:\n\n- The graph is described as non-random and discontinuous, with abrupt shifts to equal positive and negative extrema. This matches option C, which states that square waves are not continuous and have sharp corners where they jump from one value to another.\n\n- The graph also has a discernible structure, which aligns with option C's statement that square waves have a discernible structure.\n\n- Options A and B do not match the description provided. Option A describes random noise waves, which have random and rapid value alterations, but the graph is described as having abrupt shifts and a predictable pattern. Option B describes sine waves, which have gradual transitions and a discernible structure, but the graph is described as discontinuous with abrupt corners.\n\nTherefore, the correct answer is option C, square wave."}
Categorizing NoiseTrials-3-Run1.xlsx-11.png
C)
Categorizing NoiseTrials-3-Run1.xlsx-1.png
B)
Categorizing NoiseTrials-4-Run1.xlsx-14.png
B)
Categorizing NoiseTrials-4-Run1.xlsx-11.png
A)
Categorizing NoiseTrials-2-Run1.xlsx-10.png
B)
Categorizing NoiseTrials-2-Run2.xlsx-9.png
C)
Categorizing NoiseTrials-4-Run3.xlsx-17.png
B)
Categorizing NoiseTrials-5-Run1.xlsx-6.png
C)
Categorizing NoiseTrials-2-Run1.xlsx-7.png
C)
Categorizing NoiseTrials-3-Run3.xlsx-0.png
C)
Categorizing NoiseTrials-2-Run3.xlsx-10.png
B)
Categorizing NoiseTrials-4-Run1.xlsx-16.png
B)
Categorizing NoiseTrials-4-Run2.xlsx-10.png
C)
Categorizing NoiseTrials-2-Run2.xlsx-15.png
B)
Categorizing NoiseTrials-2-Run1.xlsx-3.png
B)
Categorizing NoiseTrials-2-Run2.xlsx-5.png
B)
Categorizing NoiseTrials-2-Run3.xlsx-6.png
B)
Categorizing NoiseTrials-4-Run1.xlsx-18.png
B)
Categorizing NoiseTrials-1-Run2.xlsx-16.png
B)
Categorizing NoiseTrials-1-Run3.xlsx-5.png
B)
Categorizing NoiseTrials-3-Run3.xlsx-5.png
B)
Categorizing NoiseTrials-3-Run3.xlsx-18.png
B)
Categorizing NoiseTrials-1-Run1.xlsx-18.png
B)
Categorizing NoiseTrials-1-Run3.xlsx-13.png
B)
Categorizing NoiseTrials-4-Run1.xlsx-10.png
B)
Categorizing NoiseTrials-1-Run2.xlsx-2.png
B)
Categorizing NoiseTrials-2-Run1.xlsx-9.png
B)
Categorizing NoiseTrials-3-Run3.xlsx-15.png
C)
Categorizing NoiseTrials-1-Run2.xlsx-12.png
A)
Categorizing NoiseTrials-5-Run1.xlsx-2.png
C)
Categorizing NoiseTrials-3-Run1.xlsx-3.png
B)
Categorizing NoiseTrials-4-Run2.xlsx-17.png
C)
Categorizing NoiseTrials-2-Run2.xlsx-19.png
B)
Categorizing NoiseTrials-2-Run3.xlsx-1.png
C)
Categorizing NoiseTrials-2-Run1.xlsx-5.png
B)
Categorizing NoiseTrials-2-Run3.xlsx-7.png
B)
Categorizing NoiseTrials-1-Run3.xlsx-9.png
A)
Categorizing NoiseTrials-4-Run3.xlsx-12.png
B)
Categorizing NoiseTrials-2-Run1.xlsx-14.png
B)
Categorizing NoiseTrials-4-Run2.xlsx-7.png
B)
{'conversationId': 'SineTrials-6-100Hz-100Hz.xlsx-11.png', 'response': "Based on the given information, I would select option B) Sine wave.\n\nMy reasoning is as follows: \n\n1. The graph has a smooth, periodic, and symmetrical nature, which matches the characteristics of a sine wave.\n2. The graph's trajectory is entirely smooth, with no sharp corners or random jumps, which aligns with the definition of a sine wave.\n3. The graph has a discernible structure, which is also a characteristic of sine waves.\n4. The graph does not have rapid value alterations, which is another defining feature of sine waves.\n\nThese characteristics align with the description provided, indicating that the graph is a sine wave."}
Categorizing SineTrials-6-100Hz-100Hz.xlsx-11.png
Found it!
Categorizing SineTrials-7-100Hz-100Hz.xlsx-12.png
C)
Categorizing SineTrials-6-100Hz-100Hz.xlsx-13.png
Found it!
Categorizing SineTrials-6-100Hz-100Hz.xlsx-7.png
Found it!
Categorizing SineTrials-6-100Hz-100Hz.xlsx-2.png
Found it!
Categorizing SineTrials-5-100Hz-100Hz.xlsx-9.png
C)
Categorizing SineTrials-5-100Hz-100Hz.xlsx-17.png
Found it!
Categorizing SineTrials-5-100Hz-100Hz.xlsx-19.png
Found it!
Categorizing SineTrials-7-100Hz-100Hz.xlsx-11.png
B)
Categorizing SineTrials-5-100Hz-100Hz.xlsx-18.png
C)
Categorizing SineTrials-6-100Hz-100Hz.xlsx-15.png
Found it!
Categorizing SineTrials-7-100Hz-100Hz.xlsx-15.png
B)
Categorizing SineTrials-7-100Hz-100Hz.xlsx-7.png
Found it!
Categorizing SineTrials-6-100Hz-100Hz.xlsx-9.png
Found it!
Categorizing SineTrials-6-100Hz-100Hz.xlsx-16.png
Found it!
Categorizing SineTrials-6-100Hz-100Hz.xlsx-12.png
Found it!
Categorizing SineTrials-6-100Hz-100Hz.xlsx-14.png
Found it!
Categorizing SineTrials-7-100Hz-100Hz.xlsx-0.png
C)
Categorizing SineTrials-5-100Hz-100Hz.xlsx-8.png
A)
Categorizing SineTrials-7-100Hz-100Hz.xlsx-4.png
C)
Categorizing SineTrials-5-100Hz-100Hz.xlsx-16.png
Found it!
Categorizing SineTrials-6-100Hz-100Hz.xlsx-5.png
Found it!
Categorizing SineTrials-5-100Hz-100Hz.xlsx-11.png
Found it!
Categorizing SineTrials-5-100Hz-100Hz.xlsx-14.png
Found it!
Categorizing SineTrials-7-100Hz-100Hz.xlsx-6.png
Found it!
Categorizing SineTrials-7-100Hz-100Hz.xlsx-3.png
Found it!
Categorizing SineTrials-5-100Hz-100Hz.xlsx-15.png
B)
Categorizing SineTrials-7-100Hz-100Hz.xlsx-8.png
Found it!
Categorizing SineTrials-6-100Hz-100Hz.xlsx-1.png
B)
Categorizing SineTrials-5-100Hz-100Hz.xlsx-13.png
Found it!
Categorizing SineTrials-7-100Hz-100Hz.xlsx-13.png
C)
Categorizing SineTrials-6-100Hz-100Hz.xlsx-6.png
Found it!
Categorizing SineTrials-7-100Hz-100Hz.xlsx-17.png
Found it!
Categorizing SineTrials-7-100Hz-100Hz.xlsx-9.png
Found it!
Categorizing SineTrials-7-100Hz-100Hz.xlsx-18.png
C)
Categorizing SineTrials-7-100Hz-100Hz.xlsx-1.png
Found it!
Categorizing SineTrials-6-100Hz-100Hz.xlsx-3.png
C)
Categorizing SineTrials-7-100Hz-100Hz.xlsx-2.png
Found it!
Categorizing SineTrials-6-100Hz-100Hz.xlsx-10.png
Found it!
Categorizing SineTrials-7-100Hz-100Hz.xlsx-5.png
Found it!
Categorizing SineTrials-7-100Hz-100Hz.xlsx-19.png
Found it!
Categorizing SineTrials-6-100Hz-100Hz.xlsx-17.png
Found it!
Categorizing SineTrials-5-100Hz-100Hz.xlsx-10.png
C) Square wave.
Categorizing SineTrials-6-100Hz-100Hz.xlsx-19.png
Found it!
Categorizing SineTrials-6-100Hz-100Hz.xlsx-8.png
A)
Categorizing SineTrials-5-100Hz-100Hz.xlsx-12.png
Found it!
Categorizing SineTrials-6-100Hz-100Hz.xlsx-18.png
C)
Categorizing SineTrials-8-100Hz-100Hz.xlsx-0.png
Found it!
Categorizing SineTrials-7-100Hz-100Hz.xlsx-16.png
Found it!
Categorizing SineTrials-6-100Hz-100Hz.xlsx-4.png
Found it!
Categorizing SineTrials-1-200Hz-200Hz.xlsx-12.png
Found it!
Categorizing SineTrials-1-200Hz-200Hz.xlsx-15.png
Found it!
Categorizing SineTrials-1-200Hz-200Hz.xlsx-16.png
Found it!
Categorizing SineTrials-1-200Hz-200Hz.xlsx-17.png
Found it!
Categorizing SineTrials-1-200Hz-200Hz.xlsx-2.png
Found it!
Categorizing SineTrials-1-200Hz-200Hz.xlsx-3.png
B)
Categorizing SineTrials-1-200Hz-200Hz.xlsx-8.png
C)
Categorizing SineTrials-10-200Hz-200Hz.xlsx-1.png
C)
Categorizing SineTrials-10-200Hz-200Hz.xlsx-10.png
Found it!
Categorizing SineTrials-10-200Hz-200Hz.xlsx-13.png
B)
Categorizing SineTrials-10-200Hz-200Hz.xlsx-15.png
Found it!
Categorizing SineTrials-10-200Hz-200Hz.xlsx-16.png
Found it!
Categorizing SineTrials-10-200Hz-200Hz.xlsx-19.png
Found it!
Categorizing SineTrials-10-200Hz-200Hz.xlsx-2.png
Found it!
Categorizing SineTrials-11-200Hz-200Hz.xlsx-15.png
Found it!
Categorizing SineTrials-11-200Hz-200Hz.xlsx-16.png
Found it!
Categorizing SineTrials-11-200Hz-200Hz.xlsx-19.png
Found it!
Categorizing SineTrials-11-200Hz-200Hz.xlsx-2.png
C)
Categorizing SineTrials-11-200Hz-200Hz.xlsx-3.png
Found it!
Categorizing SineTrials-11-200Hz-200Hz.xlsx-4.png
Found it!
Categorizing SineTrials-11-200Hz-200Hz.xlsx-6.png
Found it!
Categorizing SineTrials-11-200Hz-200Hz.xlsx-7.png
A)
Categorizing SineTrials-12-200Hz-200Hz.xlsx-0.png
Found it!
Categorizing SineTrials-12-200Hz-200Hz.xlsx-11.png
Found it!
Categorizing SineTrials-12-200Hz-200Hz.xlsx-15.png
Found it!
Categorizing SineTrials-12-200Hz-200Hz.xlsx-19.png
Found it!
Categorizing SineTrials-12-200Hz-200Hz.xlsx-3.png
Found it!
Categorizing SineTrials-12-200Hz-200Hz.xlsx-7.png
Found it!
Categorizing SineTrials-13-200Hz-200Hz.xlsx-0.png
C)
Categorizing SineTrials-13-200Hz-200Hz.xlsx-11.png
Found it!
Categorizing SineTrials-13-200Hz-200Hz.xlsx-13.png
Found it!
Categorizing SineTrials-13-200Hz-200Hz.xlsx-16.png
Found it!
Categorizing SineTrials-13-200Hz-200Hz.xlsx-2.png
Found it!
Categorizing SineTrials-13-200Hz-200Hz.xlsx-4.png
Found it!
Categorizing SineTrials-13-200Hz-200Hz.xlsx-5.png
Found it!
Categorizing SineTrials-13-200Hz-200Hz.xlsx-9.png
C)
Categorizing SineTrials-14-200Hz-200Hz.xlsx-1.png
Found it!
Categorizing SineTrials-14-200Hz-200Hz.xlsx-10.png
C)
Categorizing SineTrials-14-200Hz-200Hz.xlsx-15.png
Found it!
Categorizing SineTrials-14-200Hz-200Hz.xlsx-19.png
Found it!
Categorizing SineTrials-14-200Hz-200Hz.xlsx-2.png
Found it!
Categorizing SineTrials-14-200Hz-200Hz.xlsx-8.png
Found it!
Categorizing SineTrials-2-200Hz-200Hz.xlsx-11.png
Found it!
Categorizing SineTrials-2-200Hz-200Hz.xlsx-16.png
Found it!
Categorizing SineTrials-2-200Hz-200Hz.xlsx-19.png
Found it!
Categorizing SineTrials-2-200Hz-200Hz.xlsx-2.png
Found it!
Categorizing SineTrials-2-200Hz-200Hz.xlsx-5.png
Found it!
Categorizing SineTrials-2-200Hz-200Hz.xlsx-9.png
Found it!
Categorizing SineTrials-3-200Hz-200Hz.xlsx-13.png
Found it!
Categorizing SineTrials-3-200Hz-200Hz.xlsx-14.png
A) Sawtooth wave.
Categorizing SineTrials-3-200Hz-200Hz.xlsx-15.png
Found it!
Categorizing SineTrials-3-200Hz-200Hz.xlsx-17.png
C)
Categorizing SineTrials-3-200Hz-200Hz.xlsx-6.png
Found it!
Categorizing SineTrials-3-200Hz-200Hz.xlsx-7.png
Found it!
Categorizing SineTrials-3-200Hz-200Hz.xlsx-8.png
Found it!
Categorizing SineTrials-4-200Hz-200Hz.xlsx-10.png
Found it!
Categorizing SineTrials-4-200Hz-200Hz.xlsx-13.png
Found it!
Categorizing SineTrials-4-200Hz-200Hz.xlsx-17.png
Found it!
Categorizing SineTrials-4-200Hz-200Hz.xlsx-3.png
B)
Categorizing SineTrials-4-200Hz-200Hz.xlsx-9.png
Found it!
Categorizing SineTrials-5-200Hz-200Hz.xlsx-15.png
C)
Categorizing SineTrials-5-200Hz-200Hz.xlsx-19.png
Found it!
Categorizing SineTrials-5-200Hz-200Hz.xlsx-2.png
C)
Categorizing SineTrials-5-200Hz-200Hz.xlsx-3.png
Found it!
Categorizing SineTrials-5-200Hz-200Hz.xlsx-4.png
Found it!
Categorizing SineTrials-5-200Hz-200Hz.xlsx-7.png
Found it!
Categorizing SineTrials-6-200Hz-200H.xlsx-11.png
Found it!
Categorizing SineTrials-6-200Hz-200H.xlsx-13.png
A)
Categorizing SineTrials-6-200Hz-200H.xlsx-19.png
C)
Categorizing SineTrials-6-200Hz-200H.xlsx-6.png
Found it!
Categorizing SineTrials-6-200Hz-200H.xlsx-8.png
Found it!
Categorizing SineTrials-6-200Hz-200H.xlsx-9.png
Found it!
Categorizing SineTrials-7-200Hz-200Hz.xlsx-1.png
Found it!
Categorizing SineTrials-7-200Hz-200Hz.xlsx-12.png
A)
Categorizing SineTrials-7-200Hz-200Hz.xlsx-15.png
Found it!
Categorizing SineTrials-7-200Hz-200Hz.xlsx-17.png
C)
Categorizing SineTrials-7-200Hz-200Hz.xlsx-19.png
Found it!
Categorizing SineTrials-7-200Hz-200Hz.xlsx-2.png
Found it!
Categorizing SineTrials-7-200Hz-200Hz.xlsx-8.png
Found it!
Categorizing SineTrials-8-200Hz-200Hz.xlsx-1.png
B)
Categorizing SineTrials-8-200Hz-200Hz.xlsx-13.png
Found it!
Categorizing SineTrials-8-200Hz-200Hz.xlsx-14.png
Found it!
Categorizing SineTrials-8-200Hz-200Hz.xlsx-17.png
B)
Categorizing SineTrials-8-200Hz-200Hz.xlsx-5.png
C)
Categorizing SineTrials-9-200Hz-200Hz.xlsx-0.png
Found it!
Categorizing SineTrials-9-200Hz-200Hz.xlsx-1.png
B)
Categorizing SineTrials-9-200Hz-200Hz.xlsx-10.png
Found it!
Categorizing SineTrials-9-200Hz-200Hz.xlsx-14.png
Found it!
Categorizing SineTrials-9-200Hz-200Hz.xlsx-18.png
C)
Categorizing SineTrials-9-200Hz-200Hz.xlsx-19.png
Found it!
Categorizing SineTrials-9-200Hz-200Hz.xlsx-5.png
Found it!
Categorizing SineTrials-9-200Hz-200Hz.xlsx-7.png
Found it!
Categorizing SineTrials-9-200Hz-200Hz.xlsx-9.png
C)
Categorizing SineTrials-1-300Hz-300Hz.xlsx-0.png
Found it!
Categorizing SineTrials-1-300Hz-300Hz.xlsx-1.png
C)
Categorizing SineTrials-1-300Hz-300Hz.xlsx-10.png
Found it!
Categorizing SineTrials-1-300Hz-300Hz.xlsx-12.png
C)
Categorizing SineTrials-1-300Hz-300Hz.xlsx-15.png
A)
Categorizing SineTrials-1-300Hz-300Hz.xlsx-17.png
Found it!
Categorizing SineTrials-1-300Hz-300Hz.xlsx-3.png
A)
Categorizing SineTrials-1-300Hz-300Hz.xlsx-5.png
B)
Categorizing SineTrials-1-300Hz-300Hz.xlsx-7.png
Found it!
Categorizing SineTrials-1-300Hz-300Hz.xlsx-9.png
Found it!
Categorizing SineTrials-10-300Hz-300Hz.xlsx-12.png
Found it!
Categorizing SineTrials-10-300Hz-300Hz.xlsx-14.png
Found it!
Categorizing SineTrials-10-300Hz-300Hz.xlsx-15.png
Found it!
Categorizing SineTrials-10-300Hz-300Hz.xlsx-16.png
Found it!
Categorizing SineTrials-10-300Hz-300Hz.xlsx-9.png
Found it!
Categorizing SineTrials-11-300Hz-300Hz.xlsx-10.png
B)
Categorizing SineTrials-11-300Hz-300Hz.xlsx-12.png
B)
Categorizing SineTrials-11-300Hz-300Hz.xlsx-19.png
C)
Categorizing SineTrials-11-300Hz-300Hz.xlsx-4.png
Found it!
Categorizing SineTrials-11-300Hz-300Hz.xlsx-9.png
C)
Categorizing SineTrials-12-300Hz-300Hz.xlsx-13.png
Found it!
Categorizing SineTrials-12-300Hz-300Hz.xlsx-14.png
Found it!
Categorizing SineTrials-12-300Hz-300Hz.xlsx-15.png
Found it!
Categorizing SineTrials-12-300Hz-300Hz.xlsx-17.png
B)
Categorizing SineTrials-12-300Hz-300Hz.xlsx-2.png
C)
Categorizing SineTrials-12-300Hz-300Hz.xlsx-3.png
A)
Categorizing SineTrials-12-300Hz-300Hz.xlsx-4.png
B)
Categorizing SineTrials-12-300Hz-300Hz.xlsx-6.png
Found it!
Categorizing SineTrials-13-300Hz-300Hz.xlsx-10.png
Found it!
Categorizing SineTrials-13-300Hz-300Hz.xlsx-12.png
Found it!
Categorizing SineTrials-13-300Hz-300Hz.xlsx-13.png
B)
Categorizing SineTrials-13-300Hz-300Hz.xlsx-15.png
A)
Categorizing SineTrials-13-300Hz-300Hz.xlsx-18.png
Found it!
Categorizing SineTrials-13-300Hz-300Hz.xlsx-19.png
Found it!
Categorizing SineTrials-13-300Hz-300Hz.xlsx-2.png
Found it!
Categorizing SineTrials-13-300Hz-300Hz.xlsx-3.png
Found it!
Categorizing SineTrials-13-300Hz-300Hz.xlsx-4.png
Found it!
Categorizing SineTrials-13-300Hz-300Hz.xlsx-7.png
A)
Categorizing SineTrials-13-300Hz-300Hz.xlsx-8.png
Found it!
Categorizing SineTrials-14-300Hz-300Hz.xlsx-0.png
C)
Categorizing SineTrials-14-300Hz-300Hz.xlsx-15.png
Found it!
Categorizing SineTrials-14-300Hz-300Hz.xlsx-18.png
C)
Categorizing SineTrials-14-300Hz-300Hz.xlsx-2.png
C)
Categorizing SineTrials-14-300Hz-300Hz.xlsx-8.png
Found it!
Categorizing SineTrials-14-300Hz-300Hz.xlsx-9.png
Found it!
Categorizing SineTrials-2-300Hz-300Hz.xlsx-0.png
A)
Categorizing SineTrials-2-300Hz-300Hz.xlsx-13.png
Found it!
Categorizing SineTrials-2-300Hz-300Hz.xlsx-14.png
C) Square wave.
Categorizing SineTrials-2-300Hz-300Hz.xlsx-16.png
Found it!
Categorizing SineTrials-2-300Hz-300Hz.xlsx-19.png
Found it!
Categorizing SineTrials-2-300Hz-300Hz.xlsx-5.png
Found it!
Categorizing SineTrials-2-300Hz-300Hz.xlsx-6.png
Found it!
Categorizing SineTrials-3-300Hz-300Hz.xlsx-0.png
Found it!
Categorizing SineTrials-3-300Hz-300Hz.xlsx-1.png
Found it!
Categorizing SineTrials-3-300Hz-300Hz.xlsx-10.png
B)
Categorizing SineTrials-3-300Hz-300Hz.xlsx-11.png
Found it!
Categorizing SineTrials-3-300Hz-300Hz.xlsx-12.png
B)
Categorizing SineTrials-3-300Hz-300Hz.xlsx-18.png
C)
Categorizing SineTrials-3-300Hz-300Hz.xlsx-2.png
Found it!
Categorizing SineTrials-3-300Hz-300Hz.xlsx-3.png
Found it!
Categorizing SineTrials-3-300Hz-300Hz.xlsx-5.png
Found it!
Categorizing SineTrials-3-300Hz-300Hz.xlsx-8.png
Found it!
Categorizing SineTrials-4-300Hz-300Hz.xlsx-11.png
Found it!
Categorizing SineTrials-4-300Hz-300Hz.xlsx-13.png
Found it!
Categorizing SineTrials-4-300Hz-300Hz.xlsx-14.png
Found it!
Categorizing SineTrials-4-300Hz-300Hz.xlsx-15.png
C)
Categorizing SineTrials-4-300Hz-300Hz.xlsx-3.png
Found it!
Categorizing SineTrials-5-300Hz-300Hz.xlsx-0.png
Found it!
Categorizing SineTrials-5-300Hz-300Hz.xlsx-12.png
C)
Categorizing SineTrials-5-300Hz-300Hz.xlsx-13.png
Found it!
Categorizing SineTrials-5-300Hz-300Hz.xlsx-2.png
Found it!
Categorizing SineTrials-5-300Hz-300Hz.xlsx-3.png
C)
Categorizing SineTrials-5-300Hz-300Hz.xlsx-5.png
Found it!
Categorizing SineTrials-5-300Hz-300Hz.xlsx-7.png
Found it!
Categorizing SineTrials-5-300Hz-300Hz.xlsx-9.png
C)
Categorizing SineTrials-6-300Hz-300Hz.xlsx-1.png
Found it!
Categorizing SineTrials-6-300Hz-300Hz.xlsx-10.png
A)
Categorizing SineTrials-6-300Hz-300Hz.xlsx-11.png
B)
Categorizing SineTrials-6-300Hz-300Hz.xlsx-12.png
Found it!
Categorizing SineTrials-6-300Hz-300Hz.xlsx-15.png
Found it!
Categorizing SineTrials-6-300Hz-300Hz.xlsx-3.png
C)
Categorizing SineTrials-6-300Hz-300Hz.xlsx-4.png
Found it!
Categorizing SineTrials-6-300Hz-300Hz.xlsx-5.png
Found it!
Categorizing SineTrials-6-300Hz-300Hz.xlsx-7.png
B)
Categorizing SineTrials-6-300Hz-300Hz.xlsx-9.png
Found it!
Categorizing SineTrials-7-300Hz-300Hz.xlsx-1.png
Found it!
Categorizing SineTrials-7-300Hz-300Hz.xlsx-10.png
Found it!
Categorizing SineTrials-7-300Hz-300Hz.xlsx-11.png
Found it!
Categorizing SineTrials-7-300Hz-300Hz.xlsx-14.png
Found it!
Categorizing SineTrials-7-300Hz-300Hz.xlsx-16.png
Found it!
Categorizing SineTrials-7-300Hz-300Hz.xlsx-17.png
Found it!
Categorizing SineTrials-7-300Hz-300Hz.xlsx-18.png
B)
Categorizing SineTrials-7-300Hz-300Hz.xlsx-2.png
A)
Categorizing SineTrials-7-300Hz-300Hz.xlsx-4.png
B)
Categorizing SineTrials-7-300Hz-300Hz.xlsx-8.png
Found it!
Categorizing SineTrials-7-300Hz-300Hz.xlsx-9.png
Found it!
Categorizing SineTrials-8-300Hz-300Hz.xlsx-11.png
Found it!
Categorizing SineTrials-8-300Hz-300Hz.xlsx-15.png
B)
Categorizing SineTrials-8-300Hz-300Hz.xlsx-18.png
Found it!
Categorizing SineTrials-9-300Hz-300Hz.xlsx-13.png
B)
Categorizing SineTrials-9-300Hz-300Hz.xlsx-5.png
Found it!
Categorizing SineTrials-9-300Hz-300Hz.xlsx-7.png
B)
Categorizing SineTrials-9-300Hz-300Hz.xlsx-8.png
Found it!
{'conversationId': 'SquareTrials-3-100Hz-100Hz.xlsx-17.png', 'response': 'Based on the provided information, I would select option B) Sine wave.\n\nThe reasoning behind this decision is as follows:\n\n1. The graph exhibits a smooth, cyclical oscillation with precisely balanced positive and negative peak amplitudes, which is characteristic of a sine wave.\n2. The graph does not contain any random points, as it shows a continuous, non-fluctuating, and wholly determined path.\n3. The graph does not have sharp corners, as it represents a gradual, uninterrupted curve.\n4. The graph has an easily discernible structure, which is also a characteristic of sine waves.\n\nThese characteristics align with the description of a sine wave, making it the most likely type of graph in this scenario.'}
Categorizing SquareTrials-3-100Hz-100Hz.xlsx-17.png
B)
Categorizing SquareTrials-3-100Hz-100Hz.xlsx-19.png
B)
Categorizing SquareTrials-5-100Hz-100Hz.xlsx-13.png
B)
Categorizing SquareTrials-5-100Hz-100Hz.xlsx-15.png
B)
Categorizing SquareTrials-5-100Hz-100Hz.xlsx-2.png
B)
Categorizing SquareTrials-5-100Hz-100Hz.xlsx-7.png
B)
Categorizing SquareTrials-3-100Hz-100Hz.xlsx-16.png
Found it!
Categorizing SquareTrials-5-100Hz-100Hz.xlsx-17.png
B)
Categorizing SquareTrials-5-100Hz-100Hz.xlsx-4.png
Found it!
Categorizing SquareTrials-5-100Hz-100Hz.xlsx-14.png
Found it!
Categorizing SquareTrials-4-100Hz-100Hz.xlsx-11.png
B)
Categorizing SquareTrials-4-100Hz-100Hz.xlsx-5.png
B)
Categorizing SquareTrials-5-100Hz-100Hz.xlsx-11.png
Found it!
Categorizing SquareTrials-4-100Hz-100Hz.xlsx-19.png
A)
Categorizing SquareTrials-3-100Hz-100Hz.xlsx-12.png
B)
Categorizing SquareTrials-4-100Hz-100Hz.xlsx-13.png
B)
Categorizing SquareTrials-4-100Hz-100Hz.xlsx-14.png
B)
Categorizing SquareTrials-3-100Hz-100Hz.xlsx-9.png
B)
Categorizing SquareTrials-4-100Hz-100Hz.xlsx-18.png
B)
Categorizing SquareTrials-5-100Hz-100Hz.xlsx-9.png
B)
Categorizing SquareTrials-5-100Hz-100Hz.xlsx-3.png
B)
Categorizing SquareTrials-4-100Hz-100Hz.xlsx-7.png
B)
Categorizing SquareTrials-4-100Hz-100Hz.xlsx-0.png
B)
Categorizing SquareTrials-3-100Hz-100Hz.xlsx-13.png
Found it!
Categorizing SquareTrials-4-100Hz-100Hz.xlsx-10.png
B)
Categorizing SquareTrials-4-100Hz-100Hz.xlsx-15.png
A)
Categorizing SquareTrials-3-100Hz-100Hz.xlsx-18.png
Found it!
Categorizing SquareTrials-4-100Hz-100Hz.xlsx-4.png
B)
Categorizing SquareTrials-5-100Hz-100Hz.xlsx-8.png
A)
Categorizing SquareTrials-5-100Hz-100Hz.xlsx-1.png
B)
Categorizing SquareTrials-5-100Hz-100Hz.xlsx-10.png
B)
Categorizing SquareTrials-5-100Hz-100Hz.xlsx-0.png
B)
Categorizing SquareTrials-4-100Hz-100Hz.xlsx-2.png
A)
Categorizing SquareTrials-3-100Hz-100Hz.xlsx-11.png
Found it!
Categorizing SquareTrials-5-100Hz-100Hz.xlsx-16.png
B)
Categorizing SquareTrials-3-100Hz-100Hz.xlsx-14.png
A)
Categorizing SquareTrials-4-100Hz-100Hz.xlsx-1.png
B)
Categorizing SquareTrials-3-100Hz-100Hz.xlsx-10.png
B)
Categorizing SquareTrials-5-100Hz-100Hz.xlsx-18.png
B)
Categorizing SquareTrials-4-100Hz-100Hz.xlsx-3.png
B)
Categorizing SquareTrials-5-100Hz-100Hz.xlsx-12.png
B)
Categorizing SquareTrials-5-100Hz-100Hz.xlsx-6.png
B)
Categorizing SquareTrials-4-100Hz-100Hz.xlsx-17.png
Found it!
Categorizing SquareTrials-4-100Hz-100Hz.xlsx-12.png
Found it!
Categorizing SquareTrials-4-100Hz-100Hz.xlsx-8.png
Found it!
Categorizing SquareTrials-5-100Hz-100Hz.xlsx-5.png
B)
Categorizing SquareTrials-4-100Hz-100Hz.xlsx-9.png
B)
Categorizing SquareTrials-4-100Hz-100Hz.xlsx-6.png
B)
Categorizing SquareTrials-3-100Hz-100Hz.xlsx-15.png
B)
Categorizing SquareTrials-5-100Hz-100Hz.xlsx-19.png
C)
Categorizing SquareTrials-1-200Hz-200Hz.xlsx-0.png
B)
Categorizing SquareTrials-1-200Hz-200Hz.xlsx-13.png
C)
Categorizing SquareTrials-1-200Hz-200Hz.xlsx-18.png
Found it!
Categorizing SquareTrials-1-200Hz-200Hz.xlsx-19.png
Found it!
Categorizing SquareTrials-1-200Hz-200Hz.xlsx-4.png
A)
Categorizing SquareTrials-1-200Hz-200Hz.xlsx-5.png
Found it!
Categorizing SquareTrials-1-200Hz-200Hz.xlsx-8.png
B)
Categorizing SquareTrials-1-200Hz-200Hz.xlsx-9.png
B)
Categorizing SquareTrials-10-200Hz-200Hz.xlsx-1.png
B)
Categorizing SquareTrials-10-200Hz-200Hz.xlsx-10.png
B)
Categorizing SquareTrials-10-200Hz-200Hz.xlsx-12.png
B)
Categorizing SquareTrials-10-200Hz-200Hz.xlsx-14.png
B)
Categorizing SquareTrials-10-200Hz-200Hz.xlsx-15.png
B)
Categorizing SquareTrials-10-200Hz-200Hz.xlsx-7.png
B)
Categorizing SquareTrials-11-200Hz-200Hz.xlsx-0.png
B)
Categorizing SquareTrials-11-200Hz-200Hz.xlsx-11.png
B)
Categorizing SquareTrials-11-200Hz-200Hz.xlsx-14.png
B)
Categorizing SquareTrials-11-200Hz-200Hz.xlsx-16.png
B)
Categorizing SquareTrials-11-200Hz-200Hz.xlsx-17.png
B)
Categorizing SquareTrials-11-200Hz-200Hz.xlsx-19.png
B)
Categorizing SquareTrials-11-200Hz-200Hz.xlsx-2.png
B)
Categorizing SquareTrials-11-200Hz-200Hz.xlsx-3.png
B)
Categorizing SquareTrials-11-200Hz-200Hz.xlsx-5.png
Found it!
Categorizing SquareTrials-11-200Hz-200Hz.xlsx-6.png
B)
Categorizing SquareTrials-11-200Hz-200Hz.xlsx-8.png
B)
Categorizing SquareTrials-12-200Hz-200Hz.xlsx-11.png
B)
Categorizing SquareTrials-12-200Hz-200Hz.xlsx-13.png
B)
Categorizing SquareTrials-12-200Hz-200Hz.xlsx-16.png
B)
Categorizing SquareTrials-12-200Hz-200Hz.xlsx-17.png
B)
Categorizing SquareTrials-12-200Hz-200Hz.xlsx-7.png
B)
Categorizing SquareTrials-12-200Hz-200Hz.xlsx-8.png
B)
Categorizing SquareTrials-13-200Hz-200Hz.xlsx-1.png
Found it!
Categorizing SquareTrials-13-200Hz-200Hz.xlsx-13.png
C)
Categorizing SquareTrials-13-200Hz-200Hz.xlsx-17.png
B)
Categorizing SquareTrials-13-200Hz-200Hz.xlsx-19.png
B)
Categorizing SquareTrials-13-200Hz-200Hz.xlsx-2.png
B)
Categorizing SquareTrials-13-200Hz-200Hz.xlsx-4.png
B)
Categorizing SquareTrials-13-200Hz-200Hz.xlsx-6.png
Found it!
Categorizing SquareTrials-13-200Hz-200Hz.xlsx-8.png
B)
Categorizing SquareTrials-13-200Hz-200Hz.xlsx-9.png
B)
Categorizing SquareTrials-14-200Hz-200Hz.xlsx-0.png
B)
Categorizing SquareTrials-14-200Hz-200Hz.xlsx-11.png
B)
Categorizing SquareTrials-14-200Hz-200Hz.xlsx-13.png
B)
Categorizing SquareTrials-14-200Hz-200Hz.xlsx-14.png
B)
Categorizing SquareTrials-14-200Hz-200Hz.xlsx-15.png
B)
Categorizing SquareTrials-14-200Hz-200Hz.xlsx-16.png
B)
Categorizing SquareTrials-14-200Hz-200Hz.xlsx-17.png
Found it!
Categorizing SquareTrials-14-200Hz-200Hz.xlsx-18.png
A)
Categorizing SquareTrials-14-200Hz-200Hz.xlsx-2.png
B)
Categorizing SquareTrials-14-200Hz-200Hz.xlsx-4.png
B)
Categorizing SquareTrials-14-200Hz-200Hz.xlsx-7.png
B)
Categorizing SquareTrials-2-200Hz-200Hz.xlsx-0.png
A)
Categorizing SquareTrials-2-200Hz-200Hz.xlsx-13.png
B)
Categorizing SquareTrials-2-200Hz-200Hz.xlsx-3.png
B)
Categorizing SquareTrials-2-200Hz-200Hz.xlsx-9.png
B)
Categorizing SquareTrials-3-200Hz-200Hz.xlsx-10.png
B)
Categorizing SquareTrials-3-200Hz-200Hz.xlsx-11.png
B)
Categorizing SquareTrials-3-200Hz-200Hz.xlsx-12.png
B)
Categorizing SquareTrials-3-200Hz-200Hz.xlsx-6.png
B)
Categorizing SquareTrials-3-200Hz-200Hz.xlsx-8.png
Found it!
Categorizing SquareTrials-4-200Hz-200Hz.xlsx-1.png
B)
Categorizing SquareTrials-4-200Hz-200Hz.xlsx-11.png
A)
Categorizing SquareTrials-4-200Hz-200Hz.xlsx-15.png
Found it!
Categorizing SquareTrials-4-200Hz-200Hz.xlsx-19.png
B)
Categorizing SquareTrials-4-200Hz-200Hz.xlsx-2.png
Found it!
Categorizing SquareTrials-4-200Hz-200Hz.xlsx-3.png
B)
Categorizing SquareTrials-4-200Hz-200Hz.xlsx-6.png
Found it!
Categorizing SquareTrials-4-200Hz-200Hz.xlsx-7.png
B)
Categorizing SquareTrials-4-200Hz-200Hz.xlsx-9.png
B)
Categorizing SquareTrials-5-200Hz-200Hz.xlsx-0.png
Found it!
Categorizing SquareTrials-5-200Hz-200Hz.xlsx-11.png
A)
Categorizing SquareTrials-5-200Hz-200Hz.xlsx-12.png
B)
Categorizing SquareTrials-5-200Hz-200Hz.xlsx-13.png
A)
Categorizing SquareTrials-5-200Hz-200Hz.xlsx-14.png
B)
Categorizing SquareTrials-5-200Hz-200Hz.xlsx-17.png
B)
Categorizing SquareTrials-5-200Hz-200Hz.xlsx-18.png
Found it!
Categorizing SquareTrials-5-200Hz-200Hz.xlsx-3.png
Found it!
Categorizing SquareTrials-5-200Hz-200Hz.xlsx-6.png
B)
Categorizing SquareTrials-5-200Hz-200Hz.xlsx-7.png
B)
Categorizing SquareTrials-6-200Hz-200Hz.xlsx-1.png
B)
Categorizing SquareTrials-6-200Hz-200Hz.xlsx-10.png
B)
Categorizing SquareTrials-6-200Hz-200Hz.xlsx-14.png
B)
Categorizing SquareTrials-6-200Hz-200Hz.xlsx-17.png
A)
Categorizing SquareTrials-6-200Hz-200Hz.xlsx-5.png
B)
Categorizing SquareTrials-7-200Hz-200Hz.xlsx-0.png
B)
Categorizing SquareTrials-7-200Hz-200Hz.xlsx-1.png
B)
Categorizing SquareTrials-7-200Hz-200Hz.xlsx-5.png
A)
Categorizing SquareTrials-7-200Hz-200Hz.xlsx-9.png
B)
Categorizing SquareTrials-8-200Hz-200Hz.xlsx-0.png
B)
Categorizing SquareTrials-8-200Hz-200Hz.xlsx-15.png
C)
Categorizing SquareTrials-8-200Hz-200Hz.xlsx-3.png
B)
Categorizing SquareTrials-8-200Hz-200Hz.xlsx-9.png
Found it!
Categorizing SquareTrials-9-200Hz-200Hz.xlsx-1.png
B)
Categorizing SquareTrials-9-200Hz-200Hz.xlsx-2.png
Found it!
Categorizing SquareTrials-9-200Hz-200Hz.xlsx-6.png
Found it!
Categorizing SquareTrials-9-200Hz-200Hz.xlsx-7.png
B)
Categorizing SquareTrials-1-300Hz-300Hz.xlsx-0.png
Found it!
Categorizing SquareTrials-1-300Hz-300Hz.xlsx-11.png
B)
Categorizing SquareTrials-1-300Hz-300Hz.xlsx-16.png
Found it!
Categorizing SquareTrials-1-300Hz-300Hz.xlsx-2.png
B)
Categorizing SquareTrials-1-300Hz-300Hz.xlsx-3.png
B)
Categorizing SquareTrials-1-300Hz-300Hz.xlsx-8.png
B)
Categorizing SquareTrials-10-300Hz-300Hz.xlsx-0.png
B)
Categorizing SquareTrials-10-300Hz-300Hz.xlsx-15.png
Found it!
Categorizing SquareTrials-10-300Hz-300Hz.xlsx-19.png
B)
Categorizing SquareTrials-10-300Hz-300Hz.xlsx-7.png
B)
Categorizing SquareTrials-11-300Hz-300Hz.xlsx-0.png
B)
Categorizing SquareTrials-11-300Hz-300Hz.xlsx-10.png
B)
Categorizing SquareTrials-11-300Hz-300Hz.xlsx-11.png
B)
Categorizing SquareTrials-11-300Hz-300Hz.xlsx-15.png
C)
Categorizing SquareTrials-11-300Hz-300Hz.xlsx-2.png
Found it!
Categorizing SquareTrials-11-300Hz-300Hz.xlsx-3.png
B)
Categorizing SquareTrials-11-300Hz-300Hz.xlsx-8.png
Found it!
Categorizing SquareTrials-11-300Hz-300Hz.xlsx-9.png
Found it!
Categorizing SquareTrials-12-300Hz-300Hz.xlsx-17.png
Found it!
Categorizing SquareTrials-12-300Hz-300Hz.xlsx-18.png
B)
Categorizing SquareTrials-12-300Hz-300Hz.xlsx-19.png
B)
Categorizing SquareTrials-12-300Hz-300Hz.xlsx-3.png
B)
Categorizing SquareTrials-12-300Hz-300Hz.xlsx-8.png
B)
Categorizing SquareTrials-13-300Hz-300Hz.xlsx-1.png
B)
Categorizing SquareTrials-13-300Hz-300Hz.xlsx-19.png
B)
Categorizing SquareTrials-13-300Hz-300Hz.xlsx-7.png
B)
Categorizing SquareTrials-14-300Hz-300Hz.xlsx-1.png
B)
Categorizing SquareTrials-14-300Hz-300Hz.xlsx-10.png
B)
Categorizing SquareTrials-14-300Hz-300Hz.xlsx-13.png
B)
Categorizing SquareTrials-14-300Hz-300Hz.xlsx-16.png
B)
Categorizing SquareTrials-14-300Hz-300Hz.xlsx-17.png
B)
Categorizing SquareTrials-14-300Hz-300Hz.xlsx-19.png
C)
Categorizing SquareTrials-14-300Hz-300Hz.xlsx-6.png
B)
Categorizing SquareTrials-14-300Hz-300Hz.xlsx-7.png
B)
Categorizing SquareTrials-2-300Hz-300Hz.xlsx-13.png
Found it!
Categorizing SquareTrials-2-300Hz-300Hz.xlsx-14.png
B)
Categorizing SquareTrials-2-300Hz-300Hz.xlsx-16.png
B)
Categorizing SquareTrials-2-300Hz-300Hz.xlsx-3.png
B)
Categorizing SquareTrials-2-300Hz-300Hz.xlsx-4.png
B)
Categorizing SquareTrials-2-300Hz-300Hz.xlsx-5.png
B)
Categorizing SquareTrials-2-300Hz-300Hz.xlsx-9.png
Found it!
Categorizing SquareTrials-3-300Hz-300Hz.xlsx-1.png
B)
Categorizing SquareTrials-3-300Hz-300Hz.xlsx-13.png
B)
Categorizing SquareTrials-3-300Hz-300Hz.xlsx-17.png
B)
Categorizing SquareTrials-3-300Hz-300Hz.xlsx-6.png
B)
Categorizing SquareTrials-3-300Hz-300Hz.xlsx-8.png
Found it!
Categorizing SquareTrials-4-300Hz-300Hz.xlsx-12.png
Found it!
Categorizing SquareTrials-4-300Hz-300Hz.xlsx-13.png
B)
Categorizing SquareTrials-4-300Hz-300Hz.xlsx-15.png
B)
Categorizing SquareTrials-4-300Hz-300Hz.xlsx-16.png
C)
Categorizing SquareTrials-4-300Hz-300Hz.xlsx-5.png
B)
Categorizing SquareTrials-4-300Hz-300Hz.xlsx-6.png
B)
Categorizing SquareTrials-4-300Hz-300Hz.xlsx-7.png
Found it!
Categorizing SquareTrials-4-300Hz-300Hz.xlsx-8.png
Found it!
Categorizing SquareTrials-4-300Hz-300Hz.xlsx-9.png
Found it!
Categorizing SquareTrials-5-300Hz-300Hz.xlsx-1.png
B)
Categorizing SquareTrials-5-300Hz-300Hz.xlsx-13.png
B)
Categorizing SquareTrials-5-300Hz-300Hz.xlsx-15.png
Found it!
Categorizing SquareTrials-5-300Hz-300Hz.xlsx-16.png
B)
Categorizing SquareTrials-5-300Hz-300Hz.xlsx-19.png
B)
Categorizing SquareTrials-5-300Hz-300Hz.xlsx-2.png
C)
Categorizing SquareTrials-5-300Hz-300Hz.xlsx-7.png
Found it!
Categorizing SquareTrials-6-300Hz-300Hz.xlsx-10.png
B)
Categorizing SquareTrials-6-300Hz-300Hz.xlsx-13.png
B)
Categorizing SquareTrials-6-300Hz-300Hz.xlsx-14.png
B)
Categorizing SquareTrials-6-300Hz-300Hz.xlsx-15.png
B)
Categorizing SquareTrials-6-300Hz-300Hz.xlsx-19.png
B)
Categorizing SquareTrials-6-300Hz-300Hz.xlsx-2.png
B)
Categorizing SquareTrials-6-300Hz-300Hz.xlsx-3.png
C)
Categorizing SquareTrials-6-300Hz-300Hz.xlsx-5.png
B)
Categorizing SquareTrials-6-300Hz-300Hz.xlsx-6.png
B)
Categorizing SquareTrials-6-300Hz-300Hz.xlsx-7.png
B)
Categorizing SquareTrials-6-300Hz-300Hz.xlsx-8.png
B)
Categorizing SquareTrials-7-300Hz-300Hz.xlsx-16.png
Found it!
Categorizing SquareTrials-7-300Hz-300Hz.xlsx-2.png
B)
Categorizing SquareTrials-7-300Hz-300Hz.xlsx-3.png
Found it!
Categorizing SquareTrials-7-300Hz-300Hz.xlsx-5.png
B)
Categorizing SquareTrials-8-300Hz-300Hz.xlsx-13.png
Found it!
Categorizing SquareTrials-8-300Hz-300Hz.xlsx-15.png
B)
Categorizing SquareTrials-8-300Hz-300Hz.xlsx-19.png
B)
Categorizing SquareTrials-8-300Hz-300Hz.xlsx-2.png
Found it!
Categorizing SquareTrials-8-300Hz-300Hz.xlsx-5.png
B)
Categorizing SquareTrials-8-300Hz-300Hz.xlsx-7.png
B)
Categorizing SquareTrials-8-300Hz-300Hz.xlsx-8.png
B)
Categorizing SquareTrials-9-300Hz-300Hz.xlsx-0.png
B)
Categorizing SquareTrials-9-300Hz-300Hz.xlsx-10.png
B)
Categorizing SquareTrials-9-300Hz-300Hz.xlsx-11.png
B)
Categorizing SquareTrials-9-300Hz-300Hz.xlsx-12.png
Found it!
Categorizing SquareTrials-9-300Hz-300Hz.xlsx-14.png
B)
Categorizing SquareTrials-9-300Hz-300Hz.xlsx-16.png
B)
Categorizing SquareTrials-9-300Hz-300Hz.xlsx-19.png
B)
Categorizing SquareTrials-9-300Hz-300Hz.xlsx-2.png
B)
Categorizing SquareTrials-9-300Hz-300Hz.xlsx-5.png
B)
Categorizing SquareTrials-9-300Hz-300Hz.xlsx-6.png
Found it!
